<?xml version="1.0" encoding="UTF-8"?>
<testsuite xmlns:xsi="http://www.w3.org/2001/XMLSchema-instance" xsi:noNamespaceSchemaLocation="https://maven.apache.org/surefire/maven-surefire-plugin/xsd/surefire-test-report.xsd" version="3.0.2" name="com.saiadmin.SaiMessAdminPanel.SaiMessAdminPanelApplicationTests" time="21.102" tests="1" errors="0" skipped="0" failures="0">
  <properties>
[...]
</properties>
  <testcase name="contextLoads" classname="com.saiadmin.SaiMessAdminPanel.SaiMessAdminPanelApplicationTests" time="0.623">
    <system-out><![CDATA[16:05:30.095 [main] INFO org.springframework.test.context.support.AnnotationConfigContextLoaderUtils -- Could not detect default configuration classes for test class [com.saiadmin.SaiMessAdminPanel.SaiMessAdminPanelApplicationTests]: SaiMessAdminPanelApplicationTests does not declare any static, non-private, non-final, nested classes annotated with @Configuration.
16:05:30.251 [main] INFO org.springframework.boot.test.context.SpringBootTestContextBootstrapper -- Found @SpringBootConfiguration com.saiadmin.SaiMessAdminPanel.SaiMessAdminPanelApplication for test class com.saiadmin.SaiMessAdminPanel.SaiMessAdminPanelApplicationTests
16:05:30.481 [main] INFO org.springframework.boot.devtools.restart.RestartApplicationListener -- Restart disabled due to context in which it is running

  .   ____          _            __ _ _
 /\\ / ___'_ __ _ _(_)_ __  __ _ \ \ \ \
( ( )\___ | '_ | '_| | '_ \/ _` | \ \ \ \
 \\/  ___)| |_)| | | | | || (_| |  ) ) ) )
  '  |____| .__|_| |_|_| |_\__, | / / / /
 =========|_|==============|___/=/_/_/_/

 :: Spring Boot ::                (v4.0.0)

2026-01-06T16:05:31.038+05:30  INFO 24088 --- [SaiMessAdminPanel] [           main] c.s.S.SaiMessAdminPanelApplicationTests  : Starting SaiMessAdminPanelApplicationTests using Java 21.0.9 with PID 24088 (started by AADITYA in c:\Users\AADITYA\OneDrive\Desktop\SaiMessAdminPanel)
2026-01-06T16:05:31.040+05:30  INFO 24088 --- [SaiMessAdminPanel] [           main] c.s.S.SaiMessAdminPanelApplicationTests  : The following 1 profile is active: "dev"
2026-01-06T16:05:32.819+05:30  INFO 24088 --- [SaiMessAdminPanel] [           main] .s.d.r.c.RepositoryConfigurationDelegate : Bootstrapping Spring Data JPA repositories in DEFAULT mode.
2026-01-06T16:05:32.906+05:30  INFO 24088 --- [SaiMessAdminPanel] [           main] .s.d.r.c.RepositoryConfigurationDelegate : Finished Spring Data repository scanning in 70 ms. Found 4 JPA repository interfaces.
2026-01-06T16:05:33.867+05:30  INFO 24088 --- [SaiMessAdminPanel] [           main] o.hibernate.jpa.internal.util.LogHelper  : HHH000204: Processing PersistenceUnitInfo [name: default]
2026-01-06T16:05:34.060+05:30  INFO 24088 --- [SaiMessAdminPanel] [           main] org.hibernate.Version                    : HHH000412: Hibernate ORM core version 7.1.8.Final
2026-01-06T16:05:34.898+05:30  INFO 24088 --- [SaiMessAdminPanel] [           main] o.s.o.j.p.SpringPersistenceUnitInfo      : No LoadTimeWeaver setup: ignoring JPA class transformer
2026-01-06T16:05:34.944+05:30  INFO 24088 --- [SaiMessAdminPanel] [           main] com.zaxxer.hikari.HikariDataSource       : HikariPool-1 - Starting...
2026-01-06T16:05:38.780+05:30  INFO 24088 --- [SaiMessAdminPanel] [           main] com.zaxxer.hikari.pool.HikariPool        : HikariPool-1 - Added connection org.postgresql.jdbc.PgConnection@64fba3e6
2026-01-06T16:05:38.785+05:30  INFO 24088 --- [SaiMessAdminPanel] [           main] com.zaxxer.hikari.HikariDataSource       : HikariPool-1 - Start completed.
2026-01-06T16:05:39.345+05:30  WARN 24088 --- [SaiMessAdminPanel] [           main] org.hibernate.orm.deprecation            : HHH90000025: PostgreSQLDialect does not need to be specified explicitly using 'hibernate.dialect' (remove the property setting and it will be selected by default)
2026-01-06T16:05:40.575+05:30  INFO 24088 --- [SaiMessAdminPanel] [           main] org.hibernate.orm.connections.pooling    : HHH10001005: Database info:
	Database JDBC URL [jdbc:postgresql://dpg-d5edgcbuibrs738b7i4g-a.oregon-postgres.render.com:5432/sai_mess]
	Database driver: PostgreSQL JDBC Driver
	Database dialect: PostgreSQLDialect
	Database version: 18.1
	Default catalog/schema: sai_mess/public
	Autocommit mode: undefined/unknown
	Isolation level: READ_COMMITTED [default READ_COMMITTED]
	JDBC fetch size: none
	Pool: DatasourceConnectionProviderImpl
	Minimum pool size: undefined/unknown
	Maximum pool size: undefined/unknown
2026-01-06T16:05:42.204+05:30  INFO 24088 --- [SaiMessAdminPanel] [           main] o.h.e.t.j.p.i.JtaPlatformInitiator       : HHH000489: No JTA platform available (set 'hibernate.transaction.jta.platform' to enable JTA platform integration)
2026-01-06T16:05:45.698+05:30  INFO 24088 --- [SaiMessAdminPanel] [           main] j.LocalContainerEntityManagerFactoryBean : Initialized JPA EntityManagerFactory for persistence unit 'default'
2026-01-06T16:05:45.865+05:30  INFO 24088 --- [SaiMessAdminPanel] [           main] o.s.d.j.r.query.QueryEnhancerFactories   : Hibernate is in classpath; If applicable, HQL parser will be used.
2026-01-06T16:05:47.596+05:30  WARN 24088 --- [SaiMessAdminPanel] [           main] JpaBaseConfiguration$JpaWebConfiguration : spring.jpa.open-in-view is enabled by default. Therefore, database queries may be performed during view rendering. Explicitly configure spring.jpa.open-in-view to disable this warning
2026-01-06T16:05:48.855+05:30  INFO 24088 --- [SaiMessAdminPanel] [           main] o.s.b.a.e.web.EndpointLinksResolver      : Exposing 1 endpoint beneath base path '/actuator'
2026-01-06T16:05:48.950+05:30  INFO 24088 --- [SaiMessAdminPanel] [           main] c.s.S.SaiMessAdminPanelApplicationTests  : Started SaiMessAdminPanelApplicationTests in 18.484 seconds (process running for 20.306)
Hibernate: select a1_0.id,a1_0.admin_id,a1_0.password from admin a1_0 where a1_0.admin_id=?
]]></system-out>
    <system-err><![CDATA[Mockito is currently self-attaching to enable the inline-mock-maker. This will no longer work in future releases of the JDK. Please add Mockito as an agent to your build as described in Mockito's documentation: https://javadoc.io/doc/org.mockito/mockito-core/latest/org.mockito/org/mockito/Mockito.html#0.3
WARNING: A Java agent has been loaded dynamically (C:\Users\AADITYA\.m2\repository\net\bytebuddy\byte-buddy-agent\1.17.8\byte-buddy-agent-1.17.8.jar)
WARNING: If a serviceability tool is in use, please run with -XX:+EnableDynamicAgentLoading to hide this warning
WARNING: If a serviceability tool is not in use, please run with -Djdk.instrument.traceUsage for more information
WARNING: Dynamic loading of agents will be disallowed by default in a future release
]]></system-err>
  </testcase>
</testsuite>